<?xml version="1.0" encoding="UTF-8"?>
<!-- Generated by org.testng.reporters.JUnitXMLReporter -->
<testsuite ignored="0" hostname="HYDPCM644917L" failures="0" tests="8" name="Test" time="42.786" errors="0" timestamp="2023-08-23T09:33:24 IST">
  <testcase classname="Login_to_checkOut_flow.Login_to_Logout" name="Applogin" time="7.077"/>
  <testcase classname="Login_to_checkOut_flow.Login_to_Logout" name="addcart" time="0.246"/>
  <testcase classname="Login_to_checkOut_flow.Login_to_Logout" name="addres" time="0.287"/>
  <testcase classname="Login_to_checkOut_flow.Login_to_Logout" name="Applogout" time="0.373"/>
  <testcase classname="Login_to_checkOut_flow.Login_multipleids" name="launch" time="7.562"/>
  <testcase classname="Login_to_checkOut_flow.Login_multipleids" name="launch" time="7.163"/>
  <testcase classname="Login_to_checkOut_flow.Login_multipleids" name="launch" time="7.145"/>
  <testcase classname="Login_to_checkOut_flow.Login_multipleids" name="launch" time="12.225"/>
</testsuite> <!-- Test -->
