<?xml version="1.0" encoding="UTF-8"?>
<testng-results ignored="0" total="1" passed="1" failed="0" skipped="0">
  <reporter-output>
  </reporter-output>
  <suite started-at="2023-08-24T17:41:01 IST" name="Default suite" finished-at="2023-08-24T17:41:09 IST" duration-ms="7622">
    <groups>
    </groups>
    <test started-at="2023-08-24T17:41:01 IST" name="Default test" finished-at="2023-08-24T17:41:09 IST" duration-ms="7622">
      <class name="Homepage_check.Homepage_test">
        <test-method is-config="true" signature="launch()[pri:0, instance:Homepage_check.Homepage_test@5386659f]" started-at="2023-08-24T17:41:01 IST" name="launch" finished-at="2023-08-24T17:41:07 IST" duration-ms="5665" status="PASS">
          <reporter-output>
          </reporter-output>
        </test-method> <!-- launch -->
        <test-method signature="Whitshirt_mousehover()[pri:1, instance:Homepage_check.Homepage_test@5386659f]" started-at="2023-08-24T17:41:07 IST" name="Whitshirt_mousehover" finished-at="2023-08-24T17:41:08 IST" duration-ms="1019" status="PASS">
          <reporter-output>
          </reporter-output>
        </test-method> <!-- Whitshirt_mousehover -->
        <test-method is-config="true" signature="extent_after_method(org.testng.ITestResult)[pri:0, instance:Homepage_check.Homepage_test@5386659f]" started-at="2023-08-24T17:41:08 IST" name="extent_after_method" finished-at="2023-08-24T17:41:08 IST" duration-ms="6" status="PASS">
          <params>
            <param index="0">
              <value>
                <![CDATA[[TestResult name=Whitshirt_mousehover status=SUCCESS method=Homepage_test.Whitshirt_mousehover()[pri:1, instance:Homepage_check.Homepage_test@5386659f] output={null}]]]>
              </value>
            </param>
          </params>
          <reporter-output>
          </reporter-output>
        </test-method> <!-- extent_after_method -->
        <test-method is-config="true" signature="Reports()[pri:0, instance:Homepage_check.Homepage_test@5386659f]" started-at="2023-08-24T17:41:08 IST" name="Reports" finished-at="2023-08-24T17:41:09 IST" duration-ms="886" status="PASS">
          <reporter-output>
          </reporter-output>
        </test-method> <!-- Reports -->
      </class> <!-- Homepage_check.Homepage_test -->
    </test> <!-- Default test -->
  </suite> <!-- Default suite -->
</testng-results>
