<?xml version="1.0" encoding="UTF-8"?>
<testng-results ignored="0" total="1" passed="1" failed="0" skipped="0">
  <reporter-output>
  </reporter-output>
  <suite started-at="2023-08-23T10:06:20 IST" name="Default suite" finished-at="2023-08-23T10:06:28 IST" duration-ms="8084">
    <groups>
    </groups>
    <test started-at="2023-08-23T10:06:20 IST" name="Default test" finished-at="2023-08-23T10:06:28 IST" duration-ms="8084">
      <class name="Login_to_checkOut_flow.Loginpage_brokenlinks">
        <test-method is-config="true" signature="browserlaunch()[pri:0, instance:Login_to_checkOut_flow.Loginpage_brokenlinks@4b29d1d2]" started-at="2023-08-23T10:06:20 IST" name="browserlaunch" finished-at="2023-08-23T10:06:27 IST" duration-ms="7652" status="PASS">
          <reporter-output>
          </reporter-output>
        </test-method> <!-- browserlaunch -->
        <test-method signature="loginpage_brockenlinks()[pri:0, instance:Login_to_checkOut_flow.Loginpage_brokenlinks@4b29d1d2]" started-at="2023-08-23T10:06:27 IST" name="loginpage_brockenlinks" finished-at="2023-08-23T10:06:27 IST" duration-ms="36" status="PASS">
          <reporter-output>
          </reporter-output>
        </test-method> <!-- loginpage_brockenlinks -->
        <test-method is-config="true" signature="reports()[pri:0, instance:Login_to_checkOut_flow.Loginpage_brokenlinks@4b29d1d2]" started-at="2023-08-23T10:06:27 IST" name="reports" finished-at="2023-08-23T10:06:28 IST" duration-ms="346" status="PASS">
          <reporter-output>
          </reporter-output>
        </test-method> <!-- reports -->
      </class> <!-- Login_to_checkOut_flow.Loginpage_brokenlinks -->
    </test> <!-- Default test -->
  </suite> <!-- Default suite -->
</testng-results>
